2024-03-10 09:00:00 INFO - Application start successful.
2024-03-10 09:01:23 INFO - User 'admin' logged in from IP 192.168.1.10.
2024-03-10 09:01:45 INFO - Received request for page: /home.
2024-03-10 09:02:10 ERROR - Failed to load resource at /images/logo.png.
2024-03-10 09:03:00 INFO - Database connection established.
2024-03-10 09:04:15 INFO - Data successfully written to database.
2024-03-10 09:05:00 INFO - Email sent to user@example.com.
2024-03-10 09:06:45 INFO - Scheduled task 'backup' started.
2024-03-10 09:07:00 ERROR - Database timeout error during backup process.
2024-03-10 09:08:30 INFO - User 'janeDoe' logged in from IP 192.168.1.15.
2024-03-10 09:09:00 INFO - Received request for page: /about.
2024-03-10 09:10:15 ERROR - Error sending email to admin@example.com.
2024-03-10 09:11:45 INFO - Scheduled task 'cleanup' started.
2024-03-10 09:12:30 INFO - Cleanup task completed.
2024-03-10 09:13:00 INFO - User 'janeDoe' logged out.
2024-03-10 09:14:15 INFO - User 'admin' logged out.
2024-03-10 09:15:00 ERROR - Failed to authenticate API request from 192.168.1.20.
2024-03-10 09:16:45 INFO - Received request for page: /contact.
2024-03-10 09:17:30 INFO - Contact form submitted by user@example.com.
2024-03-10 09:18:00 ERROR - File upload failed for user 'janeDoe'.
